
  .   ____          _            __ _ _
 /\\ / ___'_ __ _ _(_)_ __  __ _ \ \ \ \
( ( )\___ | '_ | '_| | '_ \/ _` | \ \ \ \
 \\/  ___)| |_)| | | | | || (_| |  ) ) ) )
  '  |____| .__|_| |_|_| |_\__, | / / / /
 =========|_|==============|___/=/_/_/_/
 :: Spring Boot ::                (v3.2.0)

2025-12-06T12:32:33.562+04:00  INFO 19000 --- [eureka-server] [           main] c.h.eureka.EurekaServerApplication       : Starting EurekaServerApplication using Java 21.0.9 with PID 19000 (C:\Users\Nick\easy-fitness\eureka-server\target\eureka-server-1.0.0-SNAPSHOT.jar started by Nick in C:\Users\Nick\easy-fitness\eureka-server)
2025-12-06T12:32:33.567+04:00  INFO 19000 --- [eureka-server] [           main] c.h.eureka.EurekaServerApplication       : No active profile set, falling back to 1 default profile: "default"
2025-12-06T12:32:35.324+04:00  WARN 19000 --- [eureka-server] [           main] ConfigServletWebServerApplicationContext : Exception encountered during context initialization - cancelling refresh attempt: org.springframework.beans.factory.support.BeanDefinitionOverrideException: Invalid bean definition with name 'eurekaServerConfig' defined in class path resource [org/springframework/cloud/netflix/eureka/server/EurekaServerAutoConfiguration$EurekaServerConfigBeanConfiguration.class]: Cannot register bean definition [Root bean: class [null]; scope=; abstract=false; lazyInit=null; autowireMode=3; dependencyCheck=0; autowireCandidate=true; primary=false; factoryBeanName=org.springframework.cloud.netflix.eureka.server.EurekaServerAutoConfiguration$EurekaServerConfigBeanConfiguration; factoryMethodName=eurekaServerConfig; initMethodNames=null; destroyMethodNames=[(inferred)]; defined in class path resource [org/springframework/cloud/netflix/eureka/server/EurekaServerAutoConfiguration$EurekaServerConfigBeanConfiguration.class]] for bean 'eurekaServerConfig' since there is already [Generic bean: class [com.healthfitness.eureka.EurekaServerConfig]; scope=singleton; abstract=false; lazyInit=null; autowireMode=0; dependencyCheck=0; autowireCandidate=true; primary=false; factoryBeanName=null; factoryMethodName=null; initMethodNames=null; destroyMethodNames=null; defined in URL [jar:nested:/C:/Users/Nick/easy-fitness/eureka-server/target/eureka-server-1.0.0-SNAPSHOT.jar/!BOOT-INF/classes/!/com/healthfitness/eureka/EurekaServerConfig.class]] bound.
2025-12-06T12:32:35.342+04:00  INFO 19000 --- [eureka-server] [           main] .s.b.a.l.ConditionEvaluationReportLogger : 

Error starting ApplicationContext. To display the condition evaluation report re-run your application with 'debug' enabled.
2025-12-06T12:32:35.378+04:00 ERROR 19000 --- [eureka-server] [           main] o.s.b.d.LoggingFailureAnalysisReporter   : 

***************************
APPLICATION FAILED TO START
***************************

Description:

The bean 'eurekaServerConfig', defined in class path resource [org/springframework/cloud/netflix/eureka/server/EurekaServerAutoConfiguration$EurekaServerConfigBeanConfiguration.class], could not be registered. A bean with that name has already been defined in URL [jar:nested:/C:/Users/Nick/easy-fitness/eureka-server/target/eureka-server-1.0.0-SNAPSHOT.jar/!BOOT-INF/classes/!/com/healthfitness/eureka/EurekaServerConfig.class] and overriding is disabled.

Action:

Consider renaming one of the beans or enabling overriding by setting spring.main.allow-bean-definition-overriding=true

